[    0.000000] Linux version 4.15.0-162-generic (buildd@lcy01-amd64-007) (gcc version 7.5.0 (Ubuntu 7.5.0-3ubuntu1~18.04)) #170-Ubuntu SMP Mon Oct 18 11:38:05 UTC 2021 (Ubuntu 4.15.0-162.170-generic 4.15.18)
[    0.000000] Command line: BOOT_IMAGE=/boot/vmlinuz-4.15.0-162-generic root=LABEL=cloudimg-rootfs ro console=tty1 console=ttyS0
[    0.000000] KERNEL supported cpus:
[    0.000000]   Intel GenuineIntel
[    0.000000]   AMD AuthenticAMD
[    0.000000]   Centaur CentaurHauls
[    0.000000] x86/fpu: Supporting XSAVE feature 0x001: 'x87 floating point registers'
[    0.000000] x86/fpu: Supporting XSAVE feature 0x002: 'SSE registers'
[    0.000000] x86/fpu: Supporting XSAVE feature 0x004: 'AVX registers'
[    0.000000] x86/fpu: xstate_offset[2]:  576, xstate_sizes[2]:  256
[    0.000000] x86/fpu: Enabled xstate features 0x7, context size is 832 bytes, using 'standard' format.
[    0.000000] e820: BIOS-provided physical RAM map:
[    0.000000] BIOS-e820: [mem 0x0000000000000000-0x000000000009fbff] usable
[    0.000000] BIOS-e820: [mem 0x000000000009fc00-0x000000000009ffff] reserved
[    0.000000] BIOS-e820: [mem 0x00000000000f0000-0x00000000000fffff] reserved
[    0.000000] BIOS-e820: [mem 0x0000000000100000-0x000000003ffeffff] usable
[    0.000000] BIOS-e820: [mem 0x000000003fff0000-0x000000003fffffff] ACPI data
[    0.000000] BIOS-e820: [mem 0x00000000fec00000-0x00000000fec00fff] reserved
[    0.000000] BIOS-e820: [mem 0x00000000fee00000-0x00000000fee00fff] reserved
[    0.000000] BIOS-e820: [mem 0x00000000fffc0000-0x00000000ffffffff] reserved
[    0.000000] NX (Execute Disable) protection: active
[    0.000000] SMBIOS 2.5 present.
[    0.000000] DMI: innotek GmbH VirtualBox/VirtualBox, BIOS VirtualBox 12/01/2006
[    0.000000] Hypervisor detected: KVM
[    0.000000] e820: last_pfn = 0x3fff0 max_arch_pfn = 0x400000000
[    0.000000] MTRR: Disabled
[    0.000000] x86/PAT: MTRRs disabled, skipping PAT initialization too.
[    0.000000] CPU MTRRs all blank - virtualized system.
[    0.000000] x86/PAT: Configuration [0-7]: WB  WT  UC- UC  WB  WT  UC- UC  
[    0.000000] found SMP MP-table at [mem 0x0009fff0-0x0009ffff]
[    0.000000] Scanning 1 areas for low memory corruption
[    0.000000] RAMDISK: [mem 0x359cd000-0x36cddfff]
[    0.000000] ACPI: Early table checksum verification disabled
[    0.000000] ACPI: RSDP 0x00000000000E0000 000024 (v02 VBOX  )
[    0.000000] ACPI: XSDT 0x000000003FFF0030 00003C (v01 VBOX   VBOXXSDT 00000001 ASL  00000061)
[    0.000000] ACPI: FACP 0x000000003FFF00F0 0000F4 (v04 VBOX   VBOXFACP 00000001 ASL  00000061)
[    0.000000] ACPI: DSDT 0x000000003FFF0470 002325 (v02 VBOX   VBOXBIOS 00000002 INTL 20100528)
[    0.000000] ACPI: FACS 0x000000003FFF0200 000040
[    0.000000] ACPI: FACS 0x000000003FFF0200 000040
[    0.000000] ACPI: APIC 0x000000003FFF0240 00005C (v02 VBOX   VBOXAPIC 00000001 ASL  00000061)
[    0.000000] ACPI: SSDT 0x000000003FFF02A0 0001CC (v01 VBOX   VBOXCPUT 00000002 INTL 20100528)
[    0.000000] ACPI: Reserving FACP table memory at [mem 0x3fff00f0-0x3fff01e3]
[    0.000000] ACPI: Reserving DSDT table memory at [mem 0x3fff0470-0x3fff2794]
[    0.000000] ACPI: Reserving FACS table memory at [mem 0x3fff0200-0x3fff023f]
[    0.000000] ACPI: Reserving FACS table memory at [mem 0x3fff0200-0x3fff023f]
[    0.000000] ACPI: Reserving APIC table memory at [mem 0x3fff0240-0x3fff029b]
[    0.000000] ACPI: Reserving SSDT table memory at [mem 0x3fff02a0-0x3fff046b]
[    0.000000] No NUMA configuration found
[    0.000000] Faking a node at [mem 0x0000000000000000-0x000000003ffeffff]
[    0.000000] NODE_DATA(0) allocated [mem 0x3ffc5000-0x3ffeffff]
[    0.000000] kvm-clock: cpu 0, msr 0:3ff44001, primary cpu clock
[    0.000000] kvm-clock: Using msrs 4b564d01 and 4b564d00
[    0.000000] kvm-clock: using sched offset of 7703367902 cycles
[    0.000000] clocksource: kvm-clock: mask: 0xffffffffffffffff max_cycles: 0x1cd42e4dffb, max_idle_ns: 881590591483 ns
[    0.000000] Zone ranges:
[    0.000000]   DMA      [mem 0x0000000000001000-0x0000000000ffffff]
[    0.000000]   DMA32    [mem 0x0000000001000000-0x000000003ffeffff]
[    0.000000]   Normal   empty
[    0.000000]   Device   empty
[    0.000000] Movable zone start for each node
[    0.000000] Early memory node ranges
[    0.000000]   node   0: [mem 0x0000000000001000-0x000000000009efff]
[    0.000000]   node   0: [mem 0x0000000000100000-0x000000003ffeffff]
[    0.000000] Reserved but unavailable: 104 pages
[    0.000000] Initmem setup node 0 [mem 0x0000000000001000-0x000000003ffeffff]
[    0.000000] ACPI: PM-Timer IO Port: 0x4008
[    0.000000] IOAPIC[0]: apic_id 2, version 32, address 0xfec00000, GSI 0-23
[    0.000000] ACPI: INT_SRC_OVR (bus 0 bus_irq 0 global_irq 2 dfl dfl)
[    0.000000] ACPI: INT_SRC_OVR (bus 0 bus_irq 9 global_irq 9 low level)
[    0.000000] Using ACPI (MADT) for SMP configuration information
[    0.000000] smpboot: Allowing 2 CPUs, 0 hotplug CPUs
[    0.000000] PM: Registered nosave memory: [mem 0x00000000-0x00000fff]
[    0.000000] PM: Registered nosave memory: [mem 0x0009f000-0x0009ffff]
[    0.000000] PM: Registered nosave memory: [mem 0x000a0000-0x000effff]
[    0.000000] PM: Registered nosave memory: [mem 0x000f0000-0x000fffff]
[    0.000000] e820: [mem 0x40000000-0xfebfffff] available for PCI devices
[    0.000000] Booting paravirtualized kernel on KVM
[    0.000000] clocksource: refined-jiffies: mask: 0xffffffff max_cycles: 0xffffffff, max_idle_ns: 7645519600211568 ns
[    0.000000] random: get_random_bytes called from start_kernel+0x99/0x500 with crng_init=0
[    0.000000] setup_percpu: NR_CPUS:8192 nr_cpumask_bits:2 nr_cpu_ids:2 nr_node_ids:1
[    0.000000] percpu: Embedded 45 pages/cpu s147456 r8192 d28672 u1048576
[    0.000000] PV qspinlock hash table entries: 256 (order: 0, 4096 bytes)
[    0.000000] Built 1 zonelists, mobility grouping on.  Total pages: 257913
[    0.000000] Policy zone: DMA32
[    0.000000] Kernel command line: BOOT_IMAGE=/boot/vmlinuz-4.15.0-162-generic root=LABEL=cloudimg-rootfs ro console=tty1 console=ttyS0
[    0.000000] Memory: 982712K/1048120K available (12300K kernel code, 2483K rwdata, 4320K rodata, 2448K init, 2724K bss, 65408K reserved, 0K cma-reserved)
[    0.000000] SLUB: HWalign=64, Order=0-3, MinObjects=0, CPUs=2, Nodes=1
[    0.000000] Kernel/User page tables isolation: enabled
[    0.000000] ftrace: allocating 39475 entries in 155 pages
[    0.004000] Hierarchical RCU implementation.
[    0.004000] 	RCU restricting CPUs from NR_CPUS=8192 to nr_cpu_ids=2.
[    0.004000] 	Tasks RCU enabled.
[    0.004000] RCU: Adjusting geometry for rcu_fanout_leaf=16, nr_cpu_ids=2
[    0.004000] NR_IRQS: 524544, nr_irqs: 440, preallocated irqs: 16
[    0.004000] Console: colour VGA+ 80x25
[    0.004000] console [tty1] enabled
[    0.004000] console [ttyS0] enabled
[    0.004000] ACPI: Core revision 20170831
[    0.004000] ACPI: 2 ACPI AML tables successfully acquired and loaded
[    0.004000] APIC: Switch to symmetric I/O mode setup
[    0.004000] x2apic enabled
[    0.004000] Switched APIC routing to physical x2apic.
[    0.008000] ..TIMER: vector=0x30 apic1=0 pin1=2 apic2=-1 pin2=-1
[    0.008004] tsc: Detected 2394.460 MHz processor
[    0.009807] Calibrating delay loop (skipped) preset value.. 4788.92 BogoMIPS (lpj=9577840)
[    0.012005] pid_max: default: 32768 minimum: 301
[    0.016081] Security Framework initialized
[    0.017751] Yama: becoming mindful.
[    0.020040] AppArmor: AppArmor initialized
[    0.024115] Dentry cache hash table entries: 131072 (order: 8, 1048576 bytes)
[    0.028122] Inode-cache hash table entries: 65536 (order: 7, 524288 bytes)
[    0.032023] Mount-cache hash table entries: 2048 (order: 2, 16384 bytes)
[    0.034645] Mountpoint-cache hash table entries: 2048 (order: 2, 16384 bytes)
[    0.036586] Last level iTLB entries: 4KB 1024, 2MB 1024, 4MB 1024
[    0.040004] Last level dTLB entries: 4KB 1024, 2MB 1024, 4MB 1024, 1GB 4
[    0.044006] Spectre V1 : Mitigation: usercopy/swapgs barriers and __user pointer sanitization
[    0.048005] Spectre V2 : Mitigation: Full generic retpoline
[    0.050595] Spectre V2 : Spectre v2 / SpectreRSB mitigation: Filling RSB on context switch
[    0.052007] Speculative Store Bypass: Vulnerable
[    0.056064] SRBDS: Unknown: Dependent on hypervisor status
[    0.060006] MDS: Mitigation: Clear CPU buffers
[    0.062951] Freeing SMP alternatives memory: 36K
[    0.178589] smpboot: CPU0: Intel(R) Core(TM) i7-4500U CPU @ 1.80GHz (family: 0x6, model: 0x45, stepping: 0x1)
[    0.180158] Performance Events: unsupported p6 CPU model 69 no PMU driver, software events only.
[    0.184079] Hierarchical SRCU implementation.
[    0.188754] NMI watchdog: Perf event create on CPU 0 failed with -2
[    0.192008] NMI watchdog: Perf NMI watchdog permanently disabled
[    0.195161] smp: Bringing up secondary CPUs ...
[    0.196238] x86: Booting SMP configuration:
[    0.200004] .... node  #0, CPUs:      #1
[    0.004000] kvm-clock: cpu 1, msr 0:3ff44041, secondary cpu clock
[    0.210756] smp: Brought up 1 node, 2 CPUs
[    0.212008] smpboot: Max logical packages: 1
[    0.213737] smpboot: Total of 2 processors activated (9577.84 BogoMIPS)
[    0.216193] devtmpfs: initialized
[    0.217628] x86/mm: Memory block size: 128MB
[    0.220500] evm: security.selinux
[    0.221989] evm: security.SMACK64
[    0.224005] evm: security.SMACK64EXEC
[    0.225664] evm: security.SMACK64TRANSMUTE
[    0.228003] evm: security.SMACK64MMAP
[    0.229555] evm: security.apparmor
[    0.231207] evm: security.ima
[    0.232003] evm: security.capability
[    0.233774] clocksource: jiffies: mask: 0xffffffff max_cycles: 0xffffffff, max_idle_ns: 7645041785100000 ns
[    0.236020] futex hash table entries: 512 (order: 3, 32768 bytes)
[    0.240074] pinctrl core: initialized pinctrl subsystem
[    0.248268] RTC time: 18:50:51, date: 12/09/21
[    0.252292] NET: Registered protocol family 16
[    0.254376] audit: initializing netlink subsys (disabled)
[    0.256040] audit: type=2000 audit(1639075860.351:1): state=initialized audit_enabled=0 res=1
[    0.260015] cpuidle: using governor ladder
[    0.261818] cpuidle: using governor menu
[    0.264133] ACPI: bus type PCI registered
[    0.266198] acpiphp: ACPI Hot Plug PCI Controller Driver version: 0.5
[    0.268146] PCI: Using configuration type 1 for base access
[    0.275645] HugeTLB registered 2.00 MiB page size, pre-allocated 0 pages
[    0.276071] ACPI: Added _OSI(Module Device)
[    0.280005] ACPI: Added _OSI(Processor Device)
[    0.281942] ACPI: Added _OSI(3.0 _SCP Extensions)
[    0.284000] ACPI: Added _OSI(Processor Aggregator Device)
[    0.284005] ACPI: Added _OSI(Linux-Dell-Video)
[    0.285817] ACPI: Added _OSI(Linux-Lenovo-NV-HDMI-Audio)
[    0.288005] ACPI: Added _OSI(Linux-HPI-Hybrid-Graphics)
[    0.292606] ACPI: Executed 1 blocks of module-level executable AML code
[    0.312437] ACPI: Interpreter enabled
[    0.314634] ACPI: (supports S0 S5)
[    0.316010] ACPI: Using IOAPIC for interrupt routing
[    0.320301] PCI: Using host bridge windows from ACPI; if necessary, use "pci=nocrs" and report a bug
[    0.324633] ACPI: Enabled 2 GPEs in block 00 to 07
[    0.351071] ACPI: PCI Root Bridge [PCI0] (domain 0000 [bus 00-ff])
[    0.352013] acpi PNP0A03:00: _OSC: OS supports [ASPM ClockPM Segments MSI]
[    0.360385] acpi PNP0A03:00: _OSC: not requesting OS control; OS requires [ExtendedConfig ASPM ClockPM MSI]
[    0.364051] acpi PNP0A03:00: fail to add MMCONFIG information, can't access extended PCI configuration space under this bridge.
[    0.372629] PCI host bridge to bus 0000:00
[    0.374341] pci_bus 0000:00: root bus resource [io  0x0000-0x0cf7 window]
[    0.376008] pci_bus 0000:00: root bus resource [io  0x0d00-0xffff window]
[    0.380009] pci_bus 0000:00: root bus resource [mem 0x000a0000-0x000bffff window]
[    0.384013] pci_bus 0000:00: root bus resource [mem 0x40000000-0xfdffffff window]
[    0.388019] pci_bus 0000:00: root bus resource [bus 00-ff]
[    0.395606] pci 0000:00:01.1: legacy IDE quirk: reg 0x10: [io  0x01f0-0x01f7]
[    0.396010] pci 0000:00:01.1: legacy IDE quirk: reg 0x14: [io  0x03f6]
[    0.400008] pci 0000:00:01.1: legacy IDE quirk: reg 0x18: [io  0x0170-0x0177]
[    0.404007] pci 0000:00:01.1: legacy IDE quirk: reg 0x1c: [io  0x0376]
[    0.434501] pci 0000:00:07.0: quirk: [io  0x4000-0x403f] claimed by PIIX4 ACPI
[    0.436025] pci 0000:00:07.0: quirk: [io  0x4100-0x410f] claimed by PIIX4 SMB
[    0.452193] ACPI: PCI Interrupt Link [LNKA] (IRQs 5 9 10 *11)
[    0.455705] ACPI: PCI Interrupt Link [LNKB] (IRQs 5 9 *10 11)
[    0.456416] ACPI: PCI Interrupt Link [LNKC] (IRQs 5 *9 10 11)
[    0.464010] ACPI: PCI Interrupt Link [LNKD] (IRQs 5 9 10 *11)
[    0.467763] SCSI subsystem initialized
[    0.468046] pci 0000:00:02.0: vgaarb: setting as boot VGA device
[    0.471326] pci 0000:00:02.0: vgaarb: VGA device added: decodes=io+mem,owns=io+mem,locks=none
[    0.472029] pci 0000:00:02.0: vgaarb: bridge control possible
[    0.476007] vgaarb: loaded
[    0.477452] ACPI: bus type USB registered
[    0.480037] usbcore: registered new interface driver usbfs
[    0.484027] usbcore: registered new interface driver hub
[    0.486791] usbcore: registered new device driver usb
[    0.488182] EDAC MC: Ver: 3.0.0
[    0.492407] PCI: Using ACPI for IRQ routing
[    0.496193] NetLabel: Initializing
[    0.498114] NetLabel:  domain hash size = 128
[    0.500003] NetLabel:  protocols = UNLABELED CIPSOv4 CALIPSO
[    0.503384] NetLabel:  unlabeled traffic allowed by default
[    0.504167] clocksource: Switched to clocksource kvm-clock
[    0.583280] VFS: Disk quotas dquot_6.6.0
[    0.585848] VFS: Dquot-cache hash table entries: 512 (order 0, 4096 bytes)
[    0.588785] AppArmor: AppArmor Filesystem Enabled
[    0.590782] pnp: PnP ACPI init
[    0.595312] pnp: PnP ACPI: found 3 devices
[    0.606185] clocksource: acpi_pm: mask: 0xffffff max_cycles: 0xffffff, max_idle_ns: 2085701024 ns
[    0.610098] NET: Registered protocol family 2
[    0.612335] IP idents hash table entries: 16384 (order: 5, 131072 bytes)
[    0.626372] TCP established hash table entries: 8192 (order: 4, 65536 bytes)
[    0.629371] TCP bind hash table entries: 8192 (order: 5, 131072 bytes)
[    0.631962] TCP: Hash tables configured (established 8192 bind 8192)
[    0.634409] UDP hash table entries: 512 (order: 2, 16384 bytes)
[    0.636657] UDP-Lite hash table entries: 512 (order: 2, 16384 bytes)
[    0.639624] NET: Registered protocol family 1
[    0.641649] pci 0000:00:00.0: Limiting direct PCI/PCI transfers
[    0.643946] pci 0000:00:01.0: Activating ISA DMA hang workarounds
[    0.646482] pci 0000:00:02.0: Video device with shadowed ROM at [mem 0x000c0000-0x000dffff]
[    0.650028] Unpacking initramfs...
[    1.726194] Freeing initrd memory: 19524K
[    1.728944] clocksource: tsc: mask: 0xffffffffffffffff max_cycles: 0x2283c649547, max_idle_ns: 440795304016 ns
[    1.733218] platform rtc_cmos: registered platform RTC device (no PNP device found)
[    1.736970] Scanning for low memory corruption every 60 seconds
[    1.740717] Initialise system trusted keyrings
[    1.742841] Key type blacklist registered
[    1.745282] workingset: timestamp_bits=36 max_order=18 bucket_order=0
[    1.751873] zbud: loaded
[    1.754241] squashfs: version 4.0 (2009/01/31) Phillip Lougher
[    1.757812] fuse init (API version 7.26)
[    1.763827] Key type asymmetric registered
[    1.766345] Asymmetric key parser 'x509' registered
[    1.769769] Block layer SCSI generic (bsg) driver version 0.4 loaded (major 246)
[    1.774764] io scheduler noop registered
[    1.778512] io scheduler deadline registered
[    1.780863] io scheduler cfq registered (default)
[    1.784359] ACPI: AC Adapter [AC] (on-line)
[    1.787170] input: Power Button as /devices/LNXSYSTM:00/LNXPWRBN:00/input/input0
[    1.791129] ACPI: Power Button [PWRF]
[    1.793559] input: Sleep Button as /devices/LNXSYSTM:00/LNXSLPBN:00/input/input1
[    1.797542] ACPI: Sleep Button [SLPF]
[    1.800923] Serial: 8250/16550 driver, 32 ports, IRQ sharing enabled
[    1.825911] 00:02: ttyS0 at I/O 0x3f8 (irq = 4, base_baud = 115200) is a 16550A
[    1.832604] Linux agpgart interface v0.103
[    1.836558] loop: module loaded
[    1.839161] scsi host0: ata_piix
[    1.840957] scsi host1: ata_piix
[    1.842442] ata1: PATA max UDMA/33 cmd 0x1f0 ctl 0x3f6 bmdma 0xd000 irq 14
[    1.845137] ata2: PATA max UDMA/33 cmd 0x170 ctl 0x376 bmdma 0xd008 irq 15
[    1.848613] libphy: Fixed MDIO Bus: probed
[    1.850423] tun: Universal TUN/TAP device driver, 1.6
[    1.852840] PPP generic driver version 2.4.2
[    1.855179] ehci_hcd: USB 2.0 'Enhanced' Host Controller (EHCI) Driver
[    1.857846] ehci-pci: EHCI PCI platform driver
[    1.859694] ehci-platform: EHCI generic platform driver
[    1.861870] ohci_hcd: USB 1.1 'Open' Host Controller (OHCI) Driver
[    1.864802] ohci-pci: OHCI PCI platform driver
[    1.866591] ohci-platform: OHCI generic platform driver
[    1.869031] uhci_hcd: USB Universal Host Controller Interface driver
[    1.872311] i8042: PNP: PS/2 Controller [PNP0303:PS2K,PNP0f03:PS2M] at 0x60,0x64 irq 1,12
[    1.876588] serio: i8042 KBD port at 0x60,0x64 irq 1
[    1.878775] serio: i8042 AUX port at 0x60,0x64 irq 12
[    1.881377] mousedev: PS/2 mouse device common for all mice
[    1.904698] rtc_cmos rtc_cmos: rtc core: registered rtc_cmos as rtc0
[    1.907734] rtc_cmos rtc_cmos: alarms up to one day, 114 bytes nvram
[    1.910351] i2c /dev entries driver
[    1.912375] device-mapper: uevent: version 1.0.3
[    1.914485] input: AT Translated Set 2 keyboard as /devices/platform/i8042/serio0/input/input2
[    1.916183] device-mapper: ioctl: 4.37.0-ioctl (2017-09-20) initialised: dm-devel@redhat.com
[    1.923135] ledtrig-cpu: registered to indicate activity on CPUs
[    1.926051] NET: Registered protocol family 10
[    1.934425] Segment Routing with IPv6
[    1.936792] NET: Registered protocol family 17
[    1.938858] Key type dns_resolver registered
[    1.941161] mce: Using 0 MCE banks
[    1.943181] RAS: Correctable Errors collector initialized.
[    1.945663] sched_clock: Marking stable (1945593900, 0)->(2498963727, -553369827)
[    1.949431] registered taskstats version 1
[    1.951992] Loading compiled-in X.509 certificates
[    1.958254] Loaded X.509 cert 'Build time autogenerated kernel key: ebed311aedd59d9a851620769f4a146e4e1d43c6'
[    1.963987] Loaded X.509 cert 'Canonical Ltd. Live Patch Signing: 14df34d1a87cf37625abec039ef2bf521249b969'
[    1.969532] Loaded X.509 cert 'Canonical Ltd. Kernel Module Signing: 88f752e560a1e0737e31163a466ad7b70a850c19'
[    1.973424] zswap: loaded using pool lzo/zbud
[    1.980196] Key type big_key registered
[    1.982029] Key type trusted registered
[    1.987779] Key type encrypted registered
[    1.990174] AppArmor: AppArmor sha1 policy hashing enabled
[    1.992979] ima: No TPM chip found, activating TPM-bypass! (rc=-19)
[    1.996141] ima: Allocated hash algorithm: sha1
[    1.998851] evm: HMAC attrs: 0x1
[    2.000967]   Magic number: 1:411:847
[    2.003132] rtc_cmos rtc_cmos: setting system clock to 2021-12-09 18:50:53 UTC (1639075853)
[    2.007270] BIOS EDD facility v0.16 2004-Jun-25, 0 devices found
[    2.009640] EDD information not available.
[    2.047782] Freeing unused kernel image memory: 2448K
[    2.252533] Write protecting the kernel read-only data: 20480k
[    2.262651] Freeing unused kernel image memory: 2008K
[    2.266923] Freeing unused kernel image memory: 1824K
[    2.317288] x86/mm: Checked W+X mappings: passed, no W+X pages found.
[    2.320583] x86/mm: Checking user space page tables
[    2.373637] x86/mm: Checked W+X mappings: passed, no W+X pages found.
Loading, please wait...
starting version 237
[    2.567297] Fusion MPT base driver 3.04.20
[    2.569552] Copyright (c) 1999-2008 LSI Corporation
[    2.587848] e1000: Intel(R) PRO/1000 Network Driver - version 7.3.21-k8-NAPI
[    2.591664] e1000: Copyright (c) 1999-2006 Intel Corporation.
[    2.618006] AVX2 version of gcm_enc/dec engaged.
[    2.620516] AES CTR mode by8 optimization enabled
[    2.651534] Fusion MPT SPI Host driver 3.04.20
[    2.792359] input: ImExPS/2 Generic Explorer Mouse as /devices/platform/i8042/serio1/input/input4
[    3.151913] e1000 0000:00:03.0 eth0: (PCI:33MHz:32-bit) 02:5e:cd:fd:8c:44
[    3.154943] e1000 0000:00:03.0 eth0: Intel(R) PRO/1000 Network Connection
[    3.161774] e1000 0000:00:03.0 enp0s3: renamed from eth0
[    3.164375] mptbase: ioc0: Initiating bringup
[    3.734649] ioc0: LSI53C1030 A0: Capabilities={Initiator}
[    6.139327] scsi host2: ioc0: LSI53C1030 A0, FwRev=00000000h, Ports=1, MaxQ=256, IRQ=20
[    7.735758] scsi 2:0:0:0: Direct-Access     VBOX     HARDDISK         1.0  PQ: 0 ANSI: 5
[    8.215045] scsi target2:0:0: Beginning Domain Validation
[    8.232577] scsi target2:0:0: Domain Validation skipping write tests
[    8.237527] scsi target2:0:0: Ending Domain Validation
[    8.242381] scsi target2:0:0: asynchronous
[    8.247538] scsi 2:0:1:0: Direct-Access     VBOX     HARDDISK         1.0  PQ: 0 ANSI: 5
[    8.752823] scsi target2:0:1: Beginning Domain Validation
[    8.758861] random: fast init done
[    8.765095] scsi target2:0:1: Domain Validation skipping write tests
[    8.771699] scsi target2:0:1: Ending Domain Validation
[    8.777509] scsi target2:0:1: asynchronous
[    8.792980] random: systemd-udevd: uninitialized urandom read (16 bytes read)
[    8.793435] sd 2:0:0:0: [sda] 83886080 512-byte logical blocks: (42.9 GB/40.0 GiB)
[    8.798104] random: systemd-udevd: uninitialized urandom read (16 bytes read)
[    8.798113] random: systemd-udevd: uninitialized urandom read (16 bytes read)
[    8.804209] sd 2:0:0:0: Attached scsi generic sg0 type 0
[    8.808329] sd 2:0:0:0: [sda] Write Protect is off
[    8.816868] sd 2:0:1:0: Attached scsi generic sg1 type 0
[    8.824668] sd 2:0:0:0: [sda] Incomplete mode parameter data
[    8.824681] sd 2:0:1:0: [sdb] 20480 512-byte logical blocks: (10.5 MB/10.0 MiB)
[    8.827718] sd 2:0:0:0: [sda] Assuming drive cache: write through
[    8.839634] sd 2:0:1:0: [sdb] Write Protect is off
[    8.842147] sd 2:0:1:0: [sdb] Incomplete mode parameter data
[    8.844681] sd 2:0:1:0: [sdb] Assuming drive cache: write through
[    8.862831]  sda: sda1
[    8.865226] sd 2:0:0:0: [sda] Attached SCSI disk
[    8.968824] sd 2:0:1:0: [sdb] Attached SCSI disk
Begin: Loading essential drivers ... [   11.448119] raid6: sse2x1   gen()  2364 MB/s
[   11.496083] raid6: sse2x1   xor()  1392 MB/s
[   11.544091] raid6: sse2x2   gen()  5124 MB/s
[   11.592077] raid6: sse2x2   xor()  2430 MB/s
[   11.640079] raid6: sse2x4   gen()  5654 MB/s
[   11.688052] raid6: sse2x4   xor()  3361 MB/s
[   11.736090] raid6: avx2x1   gen()  4766 MB/s
[   11.784045] raid6: avx2x1   xor()  2616 MB/s
[   11.832063] raid6: avx2x2   gen()  8979 MB/s
[   11.880064] raid6: avx2x2   xor()  4799 MB/s
[   11.928076] raid6: avx2x4   gen() 11970 MB/s
[   11.976077] raid6: avx2x4   xor()  7214 MB/s
[   11.978377] raid6: using algorithm avx2x4 gen() 11970 MB/s
[   11.981307] raid6: .... xor() 7214 MB/s, rmw enabled
[   11.983781] raid6: using avx2x2 recovery algorithm
[   11.988971] xor: automatically using best checksumming function   avx       
[   11.995352] async_tx: api initialized (async)
done.
Begin: Running /scripts/init-premount ... done.
Begin: Mounting root file system ... Begin: Running /scripts/local-top ... done.
Begin: Running /scripts/local-premount ... [   12.107867] Btrfs loaded, crc32c=crc32c-intel
Scanning for Btrfs filesystems
done.
Warning: fsck not present, so skipping root file system
[   12.205650] EXT4-fs (sda1): mounted filesystem with ordered data mode. Opts: (null)
done.
Begin: Running /scripts/local-bottom ... done.
Begin: Running /scripts/init-bottom ... done.
[   13.827651] random: crng init done
[   13.835404] random: 7 urandom warning(s) missed due to ratelimiting
[   13.910527] ip_tables: (C) 2000-2006 Netfilter Core Team
[   14.066816] systemd[1]: systemd 237 running in system mode. (+PAM +AUDIT +SELINUX +IMA +APPARMOR +SMACK +SYSVINIT +UTMP +LIBCRYPTSETUP +GCRYPT +GNUTLS +ACL +XZ +LZ4 +SECCOMP +BLKID +ELFUTILS +KMOD -IDN2 +IDN -PCRE2 default-hierarchy=hybrid)
[   14.076598] systemd[1]: Detected virtualization oracle.
[   14.078798] systemd[1]: Detected architecture x86-64.

Welcome to [1mUbuntu 18.04.6 LTS[0m!

[   14.171611] systemd[1]: Set hostname to <ubuntu>.
[   14.246617] systemd[1]: Initializing machine ID from random generator.
[   14.257020] systemd[1]: Installed transient /etc/machine-id file.
[   17.513427] systemd[1]: Set up automount Arbitrary Executable File Formats File System Automount Point.
[[0;32m  OK  [0m] Set up automount Arbitrary Executab…rmats File System Automount Point.
[   17.520346] systemd[1]: Reached target User and Group Name Lookups.
[[0;32m  OK  [0m] Reached target User and Group Name Lookups.
[   17.730471] systemd[1]: Created slice System Slice.
[[0;32m  OK  [0m] Created slice System Slice.
[   17.739326] systemd[1]: Listening on udev Control Socket.
[[0;32m  OK  [0m] Listening on udev Control Socket.
[[0;32m  OK  [0m] Listening on Device-mapper event daemon FIFOs.
[[0;32m  OK  [0m] Reached target System Time Synchronized.
[[0;32m  OK  [0m] Listening on Journal Audit Socket.
[[0;32m  OK  [0m] Listening on Syslog Socket.
[[0;32m  OK  [0m] Listening on fsck to fsckd communication Socket.
[[0;32m  OK  [0m] Listening on LVM2 metadata daemon socket.
[[0;32m  OK  [0m] Created slice User and Session Slice.
[[0;32m  OK  [0m] Reached target Slices.
[[0;32m  OK  [0m] Listening on Journal Socket (/dev/log).
[[0;32m  OK  [0m] Listening on LVM2 poll daemon socket.
[[0;32m  OK  [0m] Listening on Network Service Netlink Socket.
[[0;32m  OK  [0m] Listening on udev Kernel Socket.
[[0;32m  OK  [0m] Started Forward Password Requests to Wall Directory Watch.
[[0;32m  OK  [0m] Created slice system-serial\x2dgetty.slice.
[[0;32m  OK  [0m] Listening on /dev/initctl Compatibility Named Pipe.
[[0;32m  OK  [0m] Reached target Swap.
[[0;32m  OK  [0m] Listening on Journal Socket.
         Mounting Kernel Debug File System...
         Mounting Huge Pages File System...
         Starting Load Kernel Modules...
         Starting Uncomplicated firewall...
         Mounting POSIX Message Queue File System...
         Starting Journal Service...
         Starting udev Coldplug all Devices...
         Starting Monitoring of LVM2 mirrors…ng dmeventd or progress polling...
         Starting File System Check on Root Device...
         Starting Set the console keyboard layout...
         Starting Create list of required st…ce nodes for the current kernel...
[[0;32m  OK  [0m] Mounted Kernel Debug File System.
[[0;32m  OK  [0m] Mounted Huge Pages File System.
[[0;32m  OK  [0m] Started Uncomplicated firewall.
[[0;32m  OK  [0m] Mounted POSIX Message Queue File System.
[   17.971617] Loading iSCSI transport class v2.0-870.
[[0;32m  OK  [0m] Started udev Coldplug all Devices.
[[0;32m  OK  [0m] Started File System Check Daemon to report status.
[[0;32m  OK  [0m] Started Create list of required sta…vice nodes for the current kernel.
         Starting Create Static Device Nodes in /dev...
[[0;32m  OK  [0m] Started LVM2 metadata daemon.
[   18.432675] iscsi: registered transport (tcp)
[[0;32m  OK  [0m] Started Journal Service.
[[0;32m  OK  [0m] Started File System Check on Root Device.
         Starting Remount Root and Kernel File Systems...
[   19.072882] iscsi: registered transport (iser)
[[0;32m  OK  [0m] Started Load Kernel Modules.
         Starting Apply Kernel Variables...
         Mounting FUSE Control File System...
         Mounting Kernel Configuration File System...
[[0;32m  OK  [0m] Mounted Kernel Configuration File System.
[[0;32m  OK  [0m] Mounted FUSE Control File System.
[   19.181795] EXT4-fs (sda1): re-mounted. Opts: (null)
[[0;32m  OK  [0m] Started Remount Root and Kernel File Systems.
         Starting Load/Save Random Seed...
         Starting Flush Journal to Persistent Storage...
[[0;32m  OK  [0m] Started Monitoring of LVM2 mirrors,…sing dmeventd or progress polling.
[[0;32m  OK  [0m] Started Create Static Device Nodes in /dev.
[[0;32m  OK  [0m] Started Load/Save Random Seed.
         Starting udev Kernel Device Manager...
[[0;32m  OK  [0m] Started Set the console keyboard layout.
[[0;32m  OK  [0m] Reached target Local File Systems (Pre).
[[0;32m  OK  [0m] Reached target Local File Systems.
         Starting Commit a transient machine-id on disk...
         Starting Set console font and keymap...
         Starting ebtables ruleset management...
         Starting AppArmor initialization...
         Starting Tell Plymouth To Write Out Runtime Data...
[   19.417028] systemd-journald[404]: Received request to flush runtime journal from PID 1
[[0;32m  OK  [0m] Started Set console font and keymap.
[[0;32m  OK  [0m] Started Tell Plymouth To Write Out Runtime Data.
[[0;32m  OK  [0m] Started Apply Kernel Variables.
[[0;32m  OK  [0m] Started Flush Journal to Persistent Storage.
[[0;32m  OK  [0m] Started udev Kernel Device Manager.
[[0;32m  OK  [0m] Started Commit a transient machine-id on disk.
[[0;32m  OK  [0m] Started Dispatch Password Requests to Console Directory Watch.
[[0;32m  OK  [0m] Reached target Local Encrypted Volumes.
         Starting Create Volatile Files and Directories...
[[0;32m  OK  [0m] Started Create Volatile Files and Directories.
         Starting Update UTMP about System Boot/Shutdown...
[[0;32m  OK  [0m] Started Update UTMP about System Boot/Shutdown.
[[0;32m  OK  [0m] Started ebtables ruleset management.
[[0;32m  OK  [0m] Found device /dev/ttyS0.
[[0;32m  OK  [0m] Listening on Load/Save RF Kill Switch Status /dev/rfkill Watch.
[[0;32m  OK  [0m] Started AppArmor initialization.
         Starting Load AppArmor profiles managed internally by snapd...
         Starting Initial cloud-init job (pre-networking)...
[[0;32m  OK  [0m] Started Load AppArmor profiles managed internally by snapd.
[   32.709259] cloud-init[566]: Cloud-init v. 21.4-0ubuntu1~18.04.1 running 'init-local' at Thu, 09 Dec 2021 18:51:22 +0000. Up 31.39 seconds.
[[0;32m  OK  [0m] Started Initial cloud-init job (pre-networking).
[[0;32m  OK  [0m] Reached target Network (Pre).
         Starting Network Service...
[[0;32m  OK  [0m] Started Network Service.
         Starting Wait for Network to be Configured...
         Starting Network Name Resolution...
[[0;32m  OK  [0m] Started Network Name Resolution.
[[0;32m  OK  [0m] Reached target Host and Network Name Lookups.
[[0;32m  OK  [0m] Reached target Network.
[[0;32m  OK  [0m] Started Wait for Network to be Configured.
         Starting Initial cloud-init job (metadata service crawler)...
[   35.903447] cloud-init[707]: Cloud-init v. 21.4-0ubuntu1~18.04.1 running 'init' at Thu, 09 Dec 2021 18:51:26 +0000. Up 35.40 seconds.
[   35.907605] cloud-init[707]: ci-info: ++++++++++++++++++++++++++++++++++++++Net device info++++++++++++++++++++++++++++++++++++++
[   35.911454] cloud-init[707]: ci-info: +--------+------+----------------------------+---------------+--------+-------------------+
[   35.915674] cloud-init[707]: ci-info: | Device |  Up  |          Address           |      Mask     | Scope  |     Hw-Address    |
[   35.918527] cloud-init[707]: ci-info: +--------+------+----------------------------+---------------+--------+-------------------+
[   35.921650] cloud-init[707]: ci-info: | enp0s3 | True |         10.0.2.15          | 255.255.255.0 | global | 02:5e:cd:fd:8c:44 |
[   35.925469] cloud-init[707]: ci-info: | enp0s3 | True | fe80::5e:cdff:fefd:8c44/64 |       .       |  link  | 02:5e:cd:fd:8c:44 |
[   35.929555] cloud-init[707]: ci-info: |   lo   | True |         127.0.0.1          |   255.0.0.0   |  host  |         .         |
[   35.944280] cloud-init[707]: ci-info: |   lo   | True |          ::1/128           |       .       |  host  |         .         |
[   35.948004] cloud-init[707]: ci-info: +--------+------+----------------------------+---------------+--------+-------------------+
[   35.951222] cloud-init[707]: ci-info: ++++++++++++++++++++++++++++Route IPv4 info+++++++++++++++++++++++++++++
[   35.953466] cloud-init[707]: ci-info: +-------+-------------+----------+-----------------+-----------+-------+
[   35.956181] cloud-init[707]: ci-info: | Route | Destination | Gateway  |     Genmask     | Interface | Flags |
[   35.958954] cloud-init[707]: ci-info: +-------+-------------+----------+-----------------+-----------+-------+
[   35.961632] cloud-init[707]: ci-info: |   0   |   0.0.0.0   | 10.0.2.2 |     0.0.0.0     |   enp0s3  |   UG  |
[   35.963991] cloud-init[707]: ci-info: |   1   |   10.0.2.0  | 0.0.0.0  |  255.255.255.0  |   enp0s3  |   U   |
[   35.966675] cloud-init[707]: ci-info: |   2   |   10.0.2.2  | 0.0.0.0  | 255.255.255.255 |   enp0s3  |   UH  |
[   35.969572] cloud-init[707]: ci-info: +-------+-------------+----------+-----------------+-----------+-------+
[   35.972589] cloud-init[707]: ci-info: +++++++++++++++++++Route IPv6 info+++++++++++++++++++
[   35.975399] cloud-init[707]: ci-info: +-------+-------------+---------+-----------+-------+
[   35.978502] cloud-init[707]: ci-info: | Route | Destination | Gateway | Interface | Flags |
[   35.981472] cloud-init[707]: ci-info: +-------+-------------+---------+-----------+-------+
[   35.984208] cloud-init[707]: ci-info: |   1   |  fe80::/64  |    ::   |   enp0s3  |   U   |
[   35.987243] cloud-init[707]: ci-info: |   3   |    local    |    ::   |   enp0s3  |   U   |
[   35.990389] cloud-init[707]: ci-info: |   4   |   ff00::/8  |    ::   |   enp0s3  |   U   |
[   35.993671] cloud-init[707]: ci-info: +-------+-------------+---------+-----------+-------+
[   38.963802] cloud-init[707]: Generating public/private rsa key pair.
[   38.966318] cloud-init[707]: Your identification has been saved in /etc/ssh/ssh_host_rsa_key.
[   38.972343] cloud-init[707]: Your public key has been saved in /etc/ssh/ssh_host_rsa_key.pub.
[   38.980314] cloud-init[707]: The key fingerprint is:
[   38.982380] cloud-init[707]: SHA256:jzjEYSbJ9GSYqqmqt18quOVml96Q65AeRG2lEiVYCBo root@ubuntu-bionic
[   38.988318] cloud-init[707]: The key's randomart image is:
[   38.996343] cloud-init[707]: +---[RSA 2048]----+
[   38.998252] cloud-init[707]: |E++.oo+          |
[   39.000251] cloud-init[707]: |+. *oB           |
[   39.004315] cloud-init[707]: |. o.B =          |
[   39.012315] cloud-init[707]: | ..o = .         |
[   39.014311] cloud-init[707]: | o.   o S        |
[   39.016270] cloud-init[707]: |o. . o . o       |
[   39.020301] cloud-init[707]: |..= o.+ . .      |
[   39.021879] cloud-init[707]: |o+=oo* .         |
[   39.023270] cloud-init[707]: |*=+B* .          |
[   39.024808] cloud-init[707]: +----[SHA256]-----+
[   39.026102] cloud-init[707]: Generating public/private dsa key pair.
[   39.028193] cloud-init[707]: Your identification has been saved in /etc/ssh/ssh_host_dsa_key.
[   39.030777] cloud-init[707]: Your public key has been saved in /etc/ssh/ssh_host_dsa_key.pub.
[   39.033256] cloud-init[707]: The key fingerprint is:
[   39.044275] cloud-init[707]: SHA256:jIKXkT8wJ0TvIlAh+jdM6T2Qrh8XyowAaR6anGsySWc root@ubuntu-bionic
[   39.046897] cloud-init[707]: The key's randomart image is:
[   39.048617] cloud-init[707]: +---[DSA 1024]----+
[   39.064327] cloud-init[707]: |. ooo            |
[   39.065800] cloud-init[707]: |.+ . =           |
[   39.067491] cloud-init[707]: |=o  @ o          |
[   39.068712] cloud-init[707]: |*+o* % o         |
[   39.080381] cloud-init[707]: |+=+E@ O S        |
[   39.081980] cloud-init[707]: |.o+O = +         |
[   39.083607] cloud-init[707]: |+oo = .          |
[   39.085283] cloud-init[707]: |o. . o           |
[   39.086948] cloud-init[707]: |    .            |
[   39.088601] cloud-init[707]: +----[SHA256]-----+
[   39.090246] cloud-init[707]: Generating public/private ecdsa key pair.
[   39.092395] cloud-init[707]: Your identification has been saved in /etc/ssh/ssh_host_ecdsa_key.
[   39.095057] cloud-init[707]: Your public key has been saved in /etc/ssh/ssh_host_ecdsa_key.pub.
[   39.097989] cloud-init[707]: The key fingerprint is:
[   39.099494] cloud-init[707]: SHA256:WTPdrxYhq6IJWDpuKyJ5H+WQDfPFZLquzrd1egFE9vY root@ubuntu-bionic
[   39.102428] cloud-init[707]: The key's randomart image is:
[   39.104217] cloud-init[707]: +---[ECDSA 256]---+
[   39.105917] cloud-init[707]: |       .=        |
[   39.117162] cloud-init[707]: |       *.. . .   |
[   39.118694] cloud-init[707]: |    o ..o * o o  |
[   39.120216] cloud-init[707]: |     * o.+ + o o |
[   39.121455] cloud-init[707]: |    + = S.  E . .|
[   39.122863] cloud-init[707]: |   + =    ..   o |
[   39.124196] cloud-init[707]: | .+ o o o o.  o  |
[   39.125539] cloud-init[707]: |=.oo +.+ +.  .   |
[   39.127111] cloud-init[707]: |o+o+=.+...       |
[   39.128820] cloud-init[707]: +----[SHA256]-----+
[   39.130419] cloud-init[707]: Generating public/private ed25519 key pair.
[   39.144340] cloud-init[707]: Your identification has been saved in /etc/ssh/ssh_host_ed25519_key.
[   39.147285] cloud-init[707]: Your public key has been saved in /etc/ssh/ssh_host_ed25519_key.pub.
[   39.150272] cloud-init[707]: The key fingerprint is:
[   39.151933] cloud-init[707]: SHA256:BV4h9Pk3Jpy9SEiPnMRnqoYSJUvy0l9c5zlERAzEHWw root@ubuntu-bionic
[   39.155052] cloud-init[707]: The key's randomart image is:
[   39.156965] cloud-init[707]: +--[ED25519 256]--+
[   39.158423] cloud-init[707]: |       .+o=O=.   |
[   39.168355] cloud-init[707]: |       . *.oE    |
[   39.184356] cloud-init[707]: |  . o . . O.=    |
[   39.186336] cloud-init[707]: |   = + . * # +   |
[   39.187756] cloud-init[707]: |  . =   S * @ =  |
[   39.189530] cloud-init[707]: |   . o o . . * o |
[   39.191151] cloud-init[707]: |    . o o   . .  |
[   39.192757] cloud-init[707]: |     . .         |
[   39.194444] cloud-init[707]: |                 |
[   39.196198] cloud-init[707]: +----[SHA256]-----+
[[0;32m  OK  [0m] Started Initial cloud-init job (metadata service crawler).
[[0;32m  OK  [0m] Reached target Network is Online.
         Starting Availability of block devices...
[[0;32m  OK  [0m] Reached target Remote File Systems (Pre).
[[0;32m  OK  [0m] Reached target Remote File Systems.
[[0;32m  OK  [0m] Reached target System Initialization.
[[0;32m  OK  [0m] Started Discard unused blocks once a week.
[[0;32m  OK  [0m] Listening on ACPID Listen Socket.
[[0;32m  OK  [0m] Listening on UUID daemon activation socket.
[[0;32m  OK  [0m] Started Ubuntu Advantage Timer for running repeated jobs.
[[0;32m  OK  [0m] Started ACPI Events Check.
[[0;32m  OK  [0m] Listening on cloud-init hotplug hook socket.
[[0;32m  OK  [0m] Listening on D-Bus System Message Bus Socket.
[[0;32m  OK  [0m] Started Trigger to poll for Ubuntu …(Only enabled on GCP LTS non-pro).
[[0;32m  OK  [0m] Reached target Paths.
         Starting Socket activation for snappy daemon.
[[0;32m  OK  [0m] Started Message of the Day.
[[0;32m  OK  [0m] Listening on Open-iSCSI iscsid Socket.
[[0;32m  OK  [0m] Started Daily Cleanup of Temporary Directories.
         Starting LXD - unix socket.
[[0;32m  OK  [0m] Started Daily apt download activities.
[[0;32m  OK  [0m] Started Daily apt upgrade and clean activities.
[[0;32m  OK  [0m] Reached target Timers.
[[0;32m  OK  [0m] Reached target Cloud-config availability.
[[0;32m  OK  [0m] Started Availability of block devices.
[[0;32m  OK  [0m] Listening on Socket activation for snappy daemon.
[[0;32m  OK  [0m] Listening on LXD - unix socket.
[[0;32m  OK  [0m] Reached target Sockets.
[[0;32m  OK  [0m] Reached target Basic System.
         Starting LXD - container startup/shutdown...
[[0;32m  OK  [0m] Started Deferred execution scheduler.
         Starting Permit User Sessions...
         Starting Virtualbox guest utils...
         Starting LSB: Record successful boot for GRUB...
         Starting Login Service...
[[0;32m  OK  [0m] Started irqbalance daemon.
         Starting Pollinate to seed the pseudo random number generator...
         Starting Snap Daemon...
[[0;32m  OK  [0m] Started Regular background program processing daemon.
[[0;32m  OK  [0m] Started D-Bus System Message Bus.
[[0;32m  OK  [0m] Started FUSE filesystem for LXC.
         Starting Accounts Service...
         Starting LSB: automatic crash report generation...
         Starting Dispatcher daemon for systemd-networkd...
         Starting System Logging Service...
[[0;32m  OK  [0m] Started Permit User Sessions.
[[0;32m  OK  [0m] Started Login Service.
[[0;32m  OK  [0m] Started Unattended Upgrades Shutdown.
         Starting Hold until boot process finishes up...
         Starting Terminate Plymouth Boot Screen...
[[0;32m  OK  [0m] Started Hold until boot process finishes up.
         Starting Set console scheme...
[[0;32m  OK  [0m] Started Serial Getty on ttyS0.
[[0;32m  OK  [0m] Started Terminate Plymouth Boot Screen.
[[0;32m  OK  [0m] Started Set console scheme.
[[0;32m  OK  [0m] Created slice system-getty.slice.
[[0;32m  OK  [0m] Started Getty on tty1.
[[0;32m  OK  [0m] Reached target Login Prompts.
[[0;32m  OK  [0m] Started LSB: Record successful boot for GRUB.
[[0;32m  OK  [0m] Started LSB: automatic crash report generation.
[[0;32m  OK  [0m] Started System Logging Service.
         Starting Authorization Manager...
[[0;32m  OK  [0m] Started Virtualbox guest utils.
[[0;32m  OK  [0m] Started Authorization Manager.
[[0;32m  OK  [0m] Started Accounts Service.

Ubuntu 18.04.6 LTS ubuntu-bionic ttyS0

ubuntu-bionic login: [   55.827681] cloud-init[1383]: Cloud-init v. 21.4-0ubuntu1~18.04.1 running 'modules:config' at Thu, 09 Dec 2021 18:51:43 +0000. Up 51.81 seconds.
ci-info: no authorized SSH keys fingerprints found for user ubuntu.
<14>Dec  9 18:51:49 cloud-init: #############################################################
<14>Dec  9 18:51:49 cloud-init: -----BEGIN SSH HOST KEY FINGERPRINTS-----
<14>Dec  9 18:51:49 cloud-init: 1024 SHA256:jIKXkT8wJ0TvIlAh+jdM6T2Qrh8XyowAaR6anGsySWc root@ubuntu-bionic (DSA)
<14>Dec  9 18:51:49 cloud-init: 256 SHA256:WTPdrxYhq6IJWDpuKyJ5H+WQDfPFZLquzrd1egFE9vY root@ubuntu-bionic (ECDSA)
<14>Dec  9 18:51:49 cloud-init: 256 SHA256:BV4h9Pk3Jpy9SEiPnMRnqoYSJUvy0l9c5zlERAzEHWw root@ubuntu-bionic (ED25519)
<14>Dec  9 18:51:49 cloud-init: 2048 SHA256:jzjEYSbJ9GSYqqmqt18quOVml96Q65AeRG2lEiVYCBo root@ubuntu-bionic (RSA)
<14>Dec  9 18:51:49 cloud-init: -----END SSH HOST KEY FINGERPRINTS-----
<14>Dec  9 18:51:49 cloud-init: #############################################################
-----BEGIN SSH HOST KEY KEYS-----
ecdsa-sha2-nistp256 AAAAE2VjZHNhLXNoYTItbmlzdHAyNTYAAAAIbmlzdHAyNTYAAABBBIpzJIcOoIeFacr9pmDm0KxJRTAyjDBvZn0pCf83Bj1HSYfTVzzMI3yLqcyCllWKdmQmA6BJBEeAli1tSyIDn9U= root@ubuntu-bionic
ssh-ed25519 AAAAC3NzaC1lZDI1NTE5AAAAIDyhvLptF0Ej+JzgPdGIMb6kmtkY9GHrBXCFgh0r6eqB root@ubuntu-bionic
ssh-rsa AAAAB3NzaC1yc2EAAAADAQABAAABAQDGxSwrAu0yJN9GfdJ3viAWafYXgZggtTN0sCzTXZ5FMiUpiqz4z0Z/4zOFIVcCcKcabe4Gk1n/87y1nObL20NfUx/q07BYgf3he2Q2YKfMOLuCYefIF4NGpJNqbbYyHyqLN6UW7cs7G719q84Sb4nCmOgRdvgXCmjucO0tYPrvVjHfLlT5TJ3tTPRe1PSEh0V09li6VKE5QR2+kFWtp9CaqCYhrNUSgyNFAO+uEW7Tq1/UVgwV/2JwjAT5L09PH0Fq28PolwtUGKE3JfeMP1w4itycIpo5ycxaKG0EZHyM7B6LEJTDbKeRuFbb1byVb7EwNalEm+eoaZvYc9wmD6+F root@ubuntu-bionic
-----END SSH HOST KEY KEYS-----
[   57.828230] cloud-init[1629]: Cloud-init v. 21.4-0ubuntu1~18.04.1 running 'modules:final' at Thu, 09 Dec 2021 18:51:48 +0000. Up 57.04 seconds.
[   57.829333] cloud-init[1629]: ci-info: no authorized SSH keys fingerprints found for user ubuntu.
[   57.833321] cloud-init[1629]: Cloud-init v. 21.4-0ubuntu1~18.04.1 finished at Thu, 09 Dec 2021 18:51:49 +0000. Datasource DataSourceNoCloud [seed=/dev/sdb][dsmode=net].  Up 57.79 seconds
